2025-07-29 09:07:03,776 INFO 1 change detected
2025-07-29 09:07:19,061 INFO 17 changes detected
2025-07-29 09:09:25,120 INFO 7 changes detected
2025-07-29 09:09:28,265 INFO 31 changes detected
2025-07-29 09:09:34,238 INFO 4 changes detected
2025-07-29 09:13:45,491 INFO 1 change detected
2025-07-29 09:13:45,492 WARNING WatchFiles detected changes in 'app/services/chunks.py'. Reloading...
2025-07-29 09:16:15,796 INFO 1 change detected
2025-07-29 09:16:15,797 WARNING WatchFiles detected changes in 'app/services/chunks.py'. Reloading...
2025-07-29 09:16:40,701 INFO 1 change detected
2025-07-29 09:16:40,702 WARNING WatchFiles detected changes in 'app/services/chunks.py'. Reloading...
2025-07-29 09:19:18,867 INFO 1 change detected
2025-07-29 09:19:18,868 WARNING WatchFiles detected changes in 'app/services/extract_pdfs.py'. Reloading...
2025-07-29 09:19:38,210 INFO 1 change detected
2025-07-29 09:19:38,210 WARNING WatchFiles detected changes in 'app/services/extract_pdfs.py'. Reloading...
2025-07-29 09:22:37,524 INFO 1 change detected
2025-07-29 09:22:37,525 WARNING WatchFiles detected changes in 'app/services/extract_pdfs.py'. Reloading...
2025-07-29 09:22:58,836 INFO 1 change detected
2025-07-29 09:22:58,836 WARNING WatchFiles detected changes in 'app/services/document_processing.py'. Reloading...
2025-07-29 09:23:12,858 INFO 2 changes detected
2025-07-29 09:23:12,858 WARNING WatchFiles detected changes in 'app/services/document_processing.py', 'app/services/extract_pdfs.py'. Reloading...
2025-07-29 09:23:18,113 INFO 1 change detected
2025-07-29 09:23:18,121 WARNING WatchFiles detected changes in 'app/services/chunks.py'. Reloading...
2025-07-29 09:23:31,391 INFO 1 change detected
2025-07-29 09:23:31,392 WARNING WatchFiles detected changes in 'app/services/document_processing.py'. Reloading...
2025-07-29 09:23:41,495 INFO 11 changes detected
2025-07-29 09:24:38,115 INFO 29 changes detected
2025-07-29 09:24:43,258 INFO 4 changes detected
2025-07-29 09:38:38,858 INFO 1 change detected
2025-07-29 09:38:38,862 WARNING WatchFiles detected changes in 'app/services/document_processing.py'. Reloading...
2025-07-29 09:40:59,692 INFO 1 change detected
2025-07-29 09:40:59,693 WARNING WatchFiles detected changes in 'app/services/embeddings.py'. Reloading...
2025-07-29 09:41:53,642 INFO 1 change detected
2025-07-29 09:41:53,643 WARNING WatchFiles detected changes in 'app/services/embeddings.py'. Reloading...
2025-07-29 09:46:35,037 INFO 1 change detected
2025-07-29 09:46:35,039 WARNING WatchFiles detected changes in 'app/services/embeddings.py'. Reloading...
2025-07-29 09:46:35,833 INFO 7 changes detected
2025-07-29 09:47:10,615 INFO 1 change detected
2025-07-29 09:47:10,615 WARNING WatchFiles detected changes in 'app/services/embeddings.py'. Reloading...
2025-07-29 09:50:23,998 INFO 1 change detected
2025-07-29 09:50:24,002 WARNING WatchFiles detected changes in 'app/services/embeddings.py'. Reloading...
2025-07-29 09:51:13,088 INFO 1 change detected
2025-07-29 09:51:13,089 WARNING WatchFiles detected changes in 'app/services/embeddings.py'. Reloading...
2025-07-29 09:51:50,317 INFO 1 change detected
2025-07-29 09:51:50,317 WARNING WatchFiles detected changes in 'app/services/embeddings.py'. Reloading...
2025-07-29 09:52:12,985 INFO 1 change detected
2025-07-29 09:52:12,986 WARNING WatchFiles detected changes in 'app/services/embeddings.py'. Reloading...
2025-07-29 09:52:35,235 INFO 1 change detected
2025-07-29 09:52:35,236 WARNING WatchFiles detected changes in 'app/services/embeddings.py'. Reloading...
